<?xml version="1.0" encoding="UTF-8"?>
<!-- Generated by org.testng.reporters.JUnitXMLReporter -->
<testsuite ignored="0" hostname="PTWB-IT-CPU-497" failures="1" tests="9" name="Free CRM App Test Cases" time="191.882" errors="0" timestamp="2024-05-30T11:39:40 IST">
  <testcase classname="com.crm.testcases.LoginPageTest" name="loginPageTitleTest" time="0.018"/>
  <testcase classname="com.crm.testcases.LoginPageTest" name="crmlogoImageTest" time="0.067"/>
  <testcase classname="com.crm.testcases.LoginPageTest" name="loginTest" time="14.962"/>
  <testcase classname="com.crm.testcases.HomePageTest" name="verifyhomepagetitletest" time="0.006"/>
  <testcase classname="com.crm.testcases.HomePageTest" name="verifyusernametest" time="0.058"/>
  <testcase classname="com.crm.testcases.HomePageTest" name="verifycontactslinkTest" time="2.773"/>
  <testcase classname="com.crm.testcases.ContactsPageTest" name="contactslabletest" time="0.025"/>
  <testcase classname="com.crm.testcases.ContactsPageTest" name="selectcontactsverify" time="0.151"/>
  <testcase classname="com.crm.testcases.ContactsPageTest" name="newcontactsTest" time="0.0">
    <failure type="org.testng.TestNGException" message="
Method public void com.crm.testcases.ContactsPageTest.newcontactsTest() requires a @DataProvider named : getTestDataTest">
      <![CDATA[org.testng.TestNGException: 
Method public void com.crm.testcases.ContactsPageTest.newcontactsTest() requires a @DataProvider named : getTestDataTest
at java.base/java.util.ArrayList.forEach(ArrayList.java:1511)
... Removed 24 stack frames]]>
    </failure>
  </testcase> <!-- newcontactsTest -->
</testsuite> <!-- Free CRM App Test Cases -->
